2024.10.10 10:07 B C:\FULL-STACK\geromel\imagens\Pedro Geromel ? Gremio FBPA ? Amazing Deffending and Skills HD.webm --> ftp.giparcian.com.br /cgmmar.com.br/cessouza/geromel/imagens Pedro Geromel ? Gremio FBPA ? Amazing Deffending and Skills HD.webm
2024.10.10 10:07 B C:\FULL-STACK\geromel\imagens\papel de fundo.avif --> ftp.giparcian.com.br /cgmmar.com.br/cessouza/geromel/imagens papel de fundo.avif
2024.10.10 10:08 B C:\FULL-STACK\geromel\imagens\Pedro Geromel ? Gremio FBPA ? Amazing Deffending and Skills HD.webm --> ftp.giparcian.com.br /cgmmar.com.br/cessouza/geromel/imagens Pedro Geromel ? Gremio FBPA ? Amazing Deffending and Skills HD.webm
2024.10.10 10:09 B C:\FULL-STACK\geromel\imagens\banner-902580_960_720.jpg --> ftp.giparcian.com.br /cgmmar.com.br/cessouza/geromel/imagens banner-902580_960_720.jpg
2024.10.10 10:09 B C:\FULL-STACK\geromel\imagens\cabecalho.jpg --> ftp.giparcian.com.br /cgmmar.com.br/cessouza/geromel/imagens cabecalho.jpg
2024.10.10 10:09 B C:\FULL-STACK\geromel\imagens\cbf.png --> ftp.giparcian.com.br /cgmmar.com.br/cessouza/geromel/imagens cbf.png
2024.10.10 10:09 B C:\FULL-STACK\geromel\imagens\cgmmar.PNG --> ftp.giparcian.com.br /cgmmar.com.br/cessouza/geromel/imagens cgmmar.PNG
2024.10.10 10:09 B C:\FULL-STACK\geromel\imagens\chaves.jfif --> ftp.giparcian.com.br /cgmmar.com.br/cessouza/geromel/imagens chaves.jfif
2024.10.10 10:09 B C:\FULL-STACK\geromel\imagens\codigo-programacion-fondo-codificacion-o-hacker-icono-codigo-programacion-hecho-codigo-binario_127544-815.avif --> ftp.giparcian.com.br /cgmmar.com.br/cessouza/geromel/imagens codigo-programacion-fondo-codificacion-o-hacker-icono-codigo-programacion-hecho-codigo-binario_127544-815.avif
2024.10.10 10:09 B C:\FULL-STACK\geromel\imagens\descomplica.png --> ftp.giparcian.com.br /cgmmar.com.br/cessouza/geromel/imagens descomplica.png
2024.10.10 10:09 B C:\FULL-STACK\geromel\imagens\devmedia.jfif --> ftp.giparcian.com.br /cgmmar.com.br/cessouza/geromel/imagens devmedia.jfif
2024.10.10 10:09 B C:\FULL-STACK\geromel\imagens\estacio.jpg --> ftp.giparcian.com.br /cgmmar.com.br/cessouza/geromel/imagens estacio.jpg
2024.10.10 10:09 B C:\FULL-STACK\geromel\imagens\facebook.png --> ftp.giparcian.com.br /cgmmar.com.br/cessouza/geromel/imagens facebook.png
2024.10.10 10:09 B C:\FULL-STACK\geromel\imagens\fundo-de-tecnologia-com-dados-digitais-de-alta-tecnologia_29971-1177.avif --> ftp.giparcian.com.br /cgmmar.com.br/cessouza/geromel/imagens fundo-de-tecnologia-com-dados-digitais-de-alta-tecnologia_29971-1177.avif
2024.10.10 10:09 B C:\FULL-STACK\geromel\imagens\fundo.jpeg --> ftp.giparcian.com.br /cgmmar.com.br/cessouza/geromel/imagens fundo.jpeg
2024.10.10 10:09 B C:\FULL-STACK\geromel\imagens\geromel-fundo-dados.jpg --> ftp.giparcian.com.br /cgmmar.com.br/cessouza/geromel/imagens geromel-fundo-dados.jpg
2024.10.10 10:09 B C:\FULL-STACK\geromel\imagens\geromel.jfif --> ftp.giparcian.com.br /cgmmar.com.br/cessouza/geromel/imagens geromel.jfif
2024.10.10 10:09 B C:\FULL-STACK\geromel\imagens\githubpreto.webp --> ftp.giparcian.com.br /cgmmar.com.br/cessouza/geromel/imagens githubpreto.webp
2024.10.10 10:09 B C:\FULL-STACK\geromel\imagens\GoldenCross.jpg --> ftp.giparcian.com.br /cgmmar.com.br/cessouza/geromel/imagens GoldenCross.jpg
2024.10.10 10:09 B C:\FULL-STACK\geromel\imagens\Gremio_logo.svg.png --> ftp.giparcian.com.br /cgmmar.com.br/cessouza/geromel/imagens Gremio_logo.svg.png
2024.10.10 10:09 B C:\FULL-STACK\geromel\imagens\Grupo Desportivo de Chaves - Chaves-POR.jfif --> ftp.giparcian.com.br /cgmmar.com.br/cessouza/geromel/imagens Grupo Desportivo de Chaves - Chaves-POR.jfif
2024.10.10 10:09 B C:\FULL-STACK\geromel\imagens\halter e cerebro.jpg!w700wp --> ftp.giparcian.com.br /cgmmar.com.br/cessouza/geromel/imagens halter e cerebro.jpg!w700wp
2024.10.10 10:09 B C:\FULL-STACK\geromel\imagens\HSL.jpg --> ftp.giparcian.com.br /cgmmar.com.br/cessouza/geromel/imagens HSL.jpg
2024.10.10 10:09 B C:\FULL-STACK\geromel\imagens\IFMG.png --> ftp.giparcian.com.br /cgmmar.com.br/cessouza/geromel/imagens IFMG.png
2024.10.10 10:09 B C:\FULL-STACK\geromel\imagens\instagram.png --> ftp.giparcian.com.br /cgmmar.com.br/cessouza/geromel/imagens instagram.png
2024.10.10 10:09 B C:\FULL-STACK\geromel\imagens\kadu.jfif --> ftp.giparcian.com.br /cgmmar.com.br/cessouza/geromel/imagens kadu.jfif
2024.10.10 10:09 B C:\FULL-STACK\geromel\imagens\koln.jfif --> ftp.giparcian.com.br /cgmmar.com.br/cessouza/geromel/imagens koln.jfif
2024.10.10 10:09 B C:\FULL-STACK\geromel\imagens\linkedin-logo.webp --> ftp.giparcian.com.br /cgmmar.com.br/cessouza/geromel/imagens linkedin-logo.webp
2024.10.10 10:09 B C:\FULL-STACK\geromel\imagens\linkedin.png --> ftp.giparcian.com.br /cgmmar.com.br/cessouza/geromel/imagens linkedin.png
2024.10.10 10:09 B C:\FULL-STACK\geromel\imagens\mais economica.png --> ftp.giparcian.com.br /cgmmar.com.br/cessouza/geromel/imagens mais economica.png
2024.10.10 10:10 B C:\FULL-STACK\geromel\imagens\papel de fundo.avif --> ftp.giparcian.com.br /cgmmar.com.br/cessouza/geromel/imagens papel de fundo.avif
2024.10.10 10:10 B C:\FULL-STACK\geromel\imagens\RCD_Mallorca.png --> ftp.giparcian.com.br /cgmmar.com.br/cessouza/geromel/imagens RCD_Mallorca.png
2024.10.10 10:10 B C:\FULL-STACK\geromel\imagens\seta-para-cima.png --> ftp.giparcian.com.br /cgmmar.com.br/cessouza/geromel/imagens seta-para-cima.png
2024.10.10 10:10 B C:\FULL-STACK\geromel\imagens\shutterstock_739595833-min.jpg --> ftp.giparcian.com.br /cgmmar.com.br/cessouza/geromel/imagens shutterstock_739595833-min.jpg
2024.10.10 10:10 B C:\FULL-STACK\geromel\imagens\tela fundo papel.avif --> ftp.giparcian.com.br /cgmmar.com.br/cessouza/geromel/imagens tela fundo papel.avif
2024.10.10 10:10 B C:\FULL-STACK\geromel\imagens\telegram.png --> ftp.giparcian.com.br /cgmmar.com.br/cessouza/geromel/imagens telegram.png
2024.10.10 10:10 B C:\FULL-STACK\geromel\imagens\tiktok.jfif --> ftp.giparcian.com.br /cgmmar.com.br/cessouza/geromel/imagens tiktok.jfif
2024.10.10 10:10 B C:\FULL-STACK\geromel\imagens\twitch.png --> ftp.giparcian.com.br /cgmmar.com.br/cessouza/geromel/imagens twitch.png
2024.10.10 10:10 B C:\FULL-STACK\geromel\imagens\twitter.png --> ftp.giparcian.com.br /cgmmar.com.br/cessouza/geromel/imagens twitter.png
2024.10.10 10:10 B C:\FULL-STACK\geromel\imagens\verificado.png --> ftp.giparcian.com.br /cgmmar.com.br/cessouza/geromel/imagens verificado.png
2024.10.10 10:10 B C:\FULL-STACK\geromel\imagens\VitoriaGuimaraes.png --> ftp.giparcian.com.br /cgmmar.com.br/cessouza/geromel/imagens VitoriaGuimaraes.png
2024.10.10 10:10 B C:\FULL-STACK\geromel\imagens\website-icon-symbol-on-transparent-background-free-png.webp --> ftp.giparcian.com.br /cgmmar.com.br/cessouza/geromel/imagens website-icon-symbol-on-transparent-background-free-png.webp
2024.10.10 10:10 B C:\FULL-STACK\geromel\imagens\whatsapp.png --> ftp.giparcian.com.br /cgmmar.com.br/cessouza/geromel/imagens whatsapp.png
2024.10.10 10:10 B C:\FULL-STACK\geromel\imagens\wikipedia_PNG10.png --> ftp.giparcian.com.br /cgmmar.com.br/cessouza/geromel/imagens wikipedia_PNG10.png
2024.10.10 10:10 B C:\FULL-STACK\geromel\imagens\youtube.png --> ftp.giparcian.com.br /cgmmar.com.br/cessouza/geromel/imagens youtube.png
2024.10.10 10:13 B C:\FULL-STACK\geromel\imagens\Pedro Geromel ? Gremio FBPA ? Amazing Deffending and Skills HD.webm --> ftp.giparcian.com.br /cgmmar.com.br/cessouza/geromel/imagens Pedro Geromel ? Gremio FBPA ? Amazing Deffending and Skills HD.webm
2024.10.10 10:18 B C:\FULL-STACK\geromel\imagens\Pedro Geromel ? Gremio FBPA ? Amazing Deffending and Skills HD.webm --> ftp.giparcian.com.br /cgmmar.com.br/cessouza/geromel/imagens Pedro Geromel ? Gremio FBPA ? Amazing Deffending and Skills HD.webm
